<?xml version="1.0" encoding="UTF-8"?>
<!-- Generated by org.testng.reporters.JUnitReportReporter -->
<testsuite skipped="0" hostname="RACLAP80-COMP" name="Com.Guru99.TestCases.Login_TC_001" tests="1" failures="0" timestamp="02 Apr 2021 16:46:13 GMT" time="37.227" errors="0">
  <testcase name="LoginTest" time="37.227" classname="Com.Guru99.TestCases.Login_TC_001"/>
</testsuite> <!-- Com.Guru99.TestCases.Login_TC_001 -->
