<?xml version="1.0" encoding="UTF-8"?>
<!-- Generated by org.testng.reporters.JUnitReportReporter -->
<testsuite skipped="0" hostname="RACLAP80-COMP" name="Com.Guru99.TestCases.TC_002_AddNewCustomer" tests="4" failures="0" timestamp="02 Apr 2021 16:46:13 GMT" time="59.214" errors="0">
  <testcase name="loginToGuru99" time="30.844" classname="Com.Guru99.TestCases.TC_002_AddNewCustomer"/>
  <testcase name="AddCustomer" time="4.772" classname="Com.Guru99.TestCases.TC_002_AddNewCustomer"/>
  <testcase name="AddCustomer" time="16.044" classname="Com.Guru99.TestCases.TC_002_AddNewCustomer"/>
  <testcase name="AddCustomer" time="7.554" classname="Com.Guru99.TestCases.TC_002_AddNewCustomer"/>
</testsuite> <!-- Com.Guru99.TestCases.TC_002_AddNewCustomer -->
